<?xml version="1.0" encoding="UTF-8"?>
<!-- Generated by org.testng.reporters.JUnitReportReporter -->
<testsuite hostname="Yuanhengs-Air.lan" name="bean.ConfigurationBeanTest" tests="1" failures="0" timestamp="6 Sep 2020 21:01:53 GMT" time="0.001" errors="0">
  <testcase name="test" time="0.001" classname="bean.ConfigurationBeanTest"/>
</testsuite> <!-- bean.ConfigurationBeanTest -->
