<?xml version="1.0" encoding="UTF-8"?>
<!-- Generated by org.testng.reporters.JUnitReportReporter -->
<testsuite hostname="Yuanhengs-Air.lan" name="bean.PersonTest" tests="11" failures="0" timestamp="6 Sep 2020 20:51:05 GMT" time="0.005" errors="0">
  <testcase name="setTranslator" time="0.000" classname="bean.PersonTest"/>
  <testcase name="getFortune" time="0.000" classname="bean.PersonTest"/>
  <testcase name="getName" time="0.000" classname="bean.PersonTest"/>
  <testcase name="setGender" time="0.001" classname="bean.PersonTest"/>
  <testcase name="setName" time="0.001" classname="bean.PersonTest"/>
  <testcase name="setFortune" time="0.001" classname="bean.PersonTest"/>
  <testcase name="getTranslator" time="0.001" classname="bean.PersonTest"/>
  <testcase name="showFortune" time="0.000" classname="bean.PersonTest"/>
  <testcase name="getGender" time="0.000" classname="bean.PersonTest"/>
  <testcase name="setAge" time="0.001" classname="bean.PersonTest"/>
  <testcase name="getAge" time="0.000" classname="bean.PersonTest"/>
</testsuite> <!-- bean.PersonTest -->
