<?xml version="1.0" encoding="UTF-8"?>
<!-- Generated by org.testng.reporters.JUnitReportReporter -->
<testsuite hostname="Yuanhengs-Air.lan" name="bean.DiceTest" tests="3" failures="0" timestamp="6 Sep 2020 20:35:12 GMT" time="0.004" errors="0">
  <testcase name="getRandom" time="0.001" classname="bean.DiceTest"/>
  <testcase name="setRandom" time="0.001" classname="bean.DiceTest"/>
  <testcase name="setMyRandomTest" time="0.002" classname="bean.DiceTest"/>
</testsuite> <!-- bean.DiceTest -->
