<?xml version="1.0" encoding="UTF-8"?>
<!-- Generated by org.testng.reporters.JUnitReportReporter -->
<testsuite hostname="Yuanhengs-Air.lan" name="bean.TranslatorTest" tests="3" failures="0" timestamp="6 Sep 2020 21:01:53 GMT" time="0.008" errors="0">
  <testcase name="setDice" time="0.000" classname="bean.TranslatorTest"/>
  <testcase name="showFortuneTest" time="0.007" classname="bean.TranslatorTest"/>
  <testcase name="getDice" time="0.001" classname="bean.TranslatorTest"/>
</testsuite> <!-- bean.TranslatorTest -->
